<?xml version="1.0" encoding="UTF-8"?>
<testng-results ignored="0" total="3" passed="3" failed="0" skipped="0">
  <reporter-output>
    <line>
      <![CDATA[The keyword entered is: First-value]]>
    </line>
    <line>
      <![CDATA[The keyword entered is: Second-value]]>
    </line>
    <line>
      <![CDATA[The keyword entered is: Third-value]]>
    </line>
  </reporter-output>
  <suite started-at="2023-11-24T11:23:30 PST" name="TestNG Suite" finished-at="2023-11-24T11:23:50 PST" duration-ms="19867">
    <groups>
    </groups>
    <test started-at="2023-11-24T11:23:30 PST" name="TestNG Test" finished-at="2023-11-24T11:23:50 PST" duration-ms="19867">
      <class name="TestNG_DataProvider">
        <test-method is-config="true" signature="setUp()[pri:0, instance:TestNG_DataProvider@ae3540e]" started-at="2023-11-24T11:23:30 PST" name="setUp" finished-at="2023-11-24T11:23:39 PST" duration-ms="8477" status="PASS">
          <reporter-output>
          </reporter-output>
        </test-method> <!-- setUp -->
        <test-method signature="search(java.lang.String)[pri:0, instance:TestNG_DataProvider@ae3540e]" started-at="2023-11-24T11:23:39 PST" name="search" data-provider="test-data" finished-at="2023-11-24T11:23:41 PST" duration-ms="2467" status="PASS">
          <params>
            <param index="0">
              <value>
                <![CDATA[First-value]]>
              </value>
            </param>
          </params>
          <reporter-output>
            <line>
              <![CDATA[The keyword entered is: First-value]]>
            </line>
          </reporter-output>
        </test-method> <!-- search -->
        <test-method is-config="true" signature="burnDown()[pri:0, instance:TestNG_DataProvider@ae3540e]" started-at="2023-11-24T11:23:41 PST" name="burnDown" finished-at="2023-11-24T11:23:41 PST" duration-ms="168" status="PASS">
          <reporter-output>
          </reporter-output>
        </test-method> <!-- burnDown -->
        <test-method is-config="true" signature="setUp()[pri:0, instance:TestNG_DataProvider@ae3540e]" started-at="2023-11-24T11:23:41 PST" name="setUp" finished-at="2023-11-24T11:23:43 PST" duration-ms="1498" status="PASS">
          <reporter-output>
          </reporter-output>
        </test-method> <!-- setUp -->
        <test-method signature="search(java.lang.String)[pri:0, instance:TestNG_DataProvider@ae3540e]" started-at="2023-11-24T11:23:43 PST" name="search" data-provider="test-data" finished-at="2023-11-24T11:23:46 PST" duration-ms="3124" status="PASS">
          <params>
            <param index="0">
              <value>
                <![CDATA[Second-value]]>
              </value>
            </param>
          </params>
          <reporter-output>
            <line>
              <![CDATA[The keyword entered is: Second-value]]>
            </line>
          </reporter-output>
        </test-method> <!-- search -->
        <test-method is-config="true" signature="burnDown()[pri:0, instance:TestNG_DataProvider@ae3540e]" started-at="2023-11-24T11:23:46 PST" name="burnDown" finished-at="2023-11-24T11:23:46 PST" duration-ms="171" status="PASS">
          <reporter-output>
          </reporter-output>
        </test-method> <!-- burnDown -->
        <test-method is-config="true" signature="setUp()[pri:0, instance:TestNG_DataProvider@ae3540e]" started-at="2023-11-24T11:23:46 PST" name="setUp" finished-at="2023-11-24T11:23:48 PST" duration-ms="2303" status="PASS">
          <reporter-output>
          </reporter-output>
        </test-method> <!-- setUp -->
        <test-method signature="search(java.lang.String)[pri:0, instance:TestNG_DataProvider@ae3540e]" started-at="2023-11-24T11:23:48 PST" name="search" data-provider="test-data" finished-at="2023-11-24T11:23:50 PST" duration-ms="1439" status="PASS">
          <params>
            <param index="0">
              <value>
                <![CDATA[Third-value]]>
              </value>
            </param>
          </params>
          <reporter-output>
            <line>
              <![CDATA[The keyword entered is: Third-value]]>
            </line>
          </reporter-output>
        </test-method> <!-- search -->
        <test-method is-config="true" signature="burnDown()[pri:0, instance:TestNG_DataProvider@ae3540e]" started-at="2023-11-24T11:23:50 PST" name="burnDown" finished-at="2023-11-24T11:23:50 PST" duration-ms="159" status="PASS">
          <reporter-output>
          </reporter-output>
        </test-method> <!-- burnDown -->
      </class> <!-- TestNG_DataProvider -->
    </test> <!-- TestNG Test -->
  </suite> <!-- TestNG Suite -->
</testng-results>
