<?xml version="1.0" encoding="UTF-8"?>
<testsuite xmlns:xsi="http://www.w3.org/2001/XMLSchema-instance" xsi:noNamespaceSchemaLocation="https://maven.apache.org/surefire/maven-surefire-plugin/xsd/surefire-test-report-3.0.xsd" version="3.0" name="TestSuite" time="21.006" tests="3" errors="0" skipped="0" failures="0">
  <properties>
[...]
</properties>
  <testcase name="search[First-value](1)" classname="TestNG_DataProvider" time="2.468">
    <system-out><![CDATA[The start of the Test
The keyword entered is: First-value
Search results have been displayed
]]></system-out>
  </testcase>
  <testcase name="search[Second-value](2)" classname="TestNG_DataProvider" time="3.125">
    <system-out><![CDATA[The start of the Test
The keyword entered is: Second-value
Search results have been displayed
]]></system-out>
  </testcase>
  <testcase name="search[Third-value](3)" classname="TestNG_DataProvider" time="1.44">
    <system-out><![CDATA[The start of the Test
The keyword entered is: Third-value
Search results have been displayed
]]></system-out>
  </testcase>
</testsuite>