<?xml version="1.0" encoding="UTF-8"?>
<!-- Generated by org.testng.reporters.JUnitXMLReporter -->
<testsuite ignored="0" hostname="DESKTOP-07OFVAR" failures="0" tests="3" name="TestNG Test" time="19.867" errors="0" timestamp="2023-11-24T11:23:50 PST">
  <testcase classname="TestNG_DataProvider" name="search" time="2.467"/>
  <testcase classname="TestNG_DataProvider" name="search" time="3.124"/>
  <testcase classname="TestNG_DataProvider" name="search" time="1.439"/>
</testsuite> <!-- TestNG Test -->
